#
# There is insufficient memory for the Java Runtime Environment to continue.
# Native memory allocation (malloc) failed to allocate 69730304 bytes for committing reserved memory.
# Possible reasons:
#   The system is out of physical RAM or swap space
#   In 32 bit mode, the process size limit was hit
# Possible solutions:
#   Reduce memory load on the system
#   Increase physical memory or swap space
#   Check if swap backing store is full
#   Use 64 bit Java on a 64 bit OS
#   Decrease Java heap size (-Xmx/-Xms)
#   Decrease number of Java threads
#   Decrease Java thread stack sizes (-Xss)
#   Set larger code cache with -XX:ReservedCodeCacheSize=
# This output file may be truncated or incomplete.
#
#  Out of Memory Error (os_linux.cpp:2726), pid=2962, tid=139695093671680
#
# JRE version: Java(TM) SE Runtime Environment (7.0_51-b13) (build 1.7.0_51-b13)
# Java VM: Java HotSpot(TM) 64-Bit Server VM (24.51-b03 mixed mode linux-amd64 compressed oops)
# Failed to write core dump. Core dumps have been disabled. To enable core dumping, try "ulimit -c unlimited" before starting Java again
#

---------------  T H R E A D  ---------------

Current thread (0x00007f0d500ec000):  VMThread [stack: 0x00007f0d4c5f6000,0x00007f0d4c6f7000] [id=2967]

Stack: [0x00007f0d4c5f6000,0x00007f0d4c6f7000],  sp=0x00007f0d4c6f5360,  free space=1020k
Native frames: (J=compiled Java code, j=interpreted, Vv=VM code, C=native code)
V  [libjvm.so+0x992f4a]  VMError::report_and_die()+0x2ea
V  [libjvm.so+0x4931ab]  report_vm_out_of_memory(char const*, int, unsigned long, char const*)+0x9b
V  [libjvm.so+0x81338e]  os::Linux::commit_memory_impl(char*, unsigned long, bool)+0xfe
V  [libjvm.so+0x81383f]  os::Linux::commit_memory_impl(char*, unsigned long, unsigned long, bool)+0x4f
V  [libjvm.so+0x813a2c]  os::pd_commit_memory(char*, unsigned long, unsigned long, bool)+0xc
V  [libjvm.so+0x80daea]  os::commit_memory(char*, unsigned long, unsigned long, bool)+0x2a
V  [libjvm.so+0x87fcd3]  PSVirtualSpace::expand_by(unsigned long)+0x53
V  [libjvm.so+0x8810a8]  PSYoungGen::resize_generation(unsigned long, unsigned long)+0xf8
V  [libjvm.so+0x880212]  PSYoungGen::resize(unsigned long, unsigned long)+0x22
V  [libjvm.so+0x87d6ab]  PSScavenge::invoke_no_policy()+0xf3b
V  [libjvm.so+0x87de11]  PSScavenge::invoke()+0x41
V  [libjvm.so+0x834f10]  ParallelScavengeHeap::failed_mem_allocate(unsigned long)+0x70
V  [libjvm.so+0x9947e7]  VM_ParallelGCFailedAllocation::doit()+0x97
V  [libjvm.so+0x99bc15]  VM_Operation::evaluate()+0x55
V  [libjvm.so+0x99a04a]  VMThread::evaluate_operation(VM_Operation*)+0xba
V  [libjvm.so+0x99a3ce]  VMThread::loop()+0x1ce
V  [libjvm.so+0x99a840]  VMThread::run()+0x70
V  [libjvm.so+0x815538]  java_start(Thread*)+0x108

VM_Operation (0x00007f0d372f1640): ParallelGCFailedAllocation, mode: safepoint, requested by thread 0x00007f0d501bd000


---------------  P R O C E S S  ---------------

Java Threads: ( => current thread )
  0x00007f0d18004000 JavaThread "Twitter4J Async Dispatcher[0]" daemon [_thread_blocked, id=2996, stack(0x00007f0d370f1000,0x00007f0d371f2000)]
  0x00007f0d50009800 JavaThread "DestroyJavaVM" [_thread_blocked, id=2963, stack(0x00007f0d59884000,0x00007f0d59985000)]
  0x00007f0d501bd000 JavaThread "Twitter Stream consumer-1[Receiving stream]" [_thread_blocked, id=2992, stack(0x00007f0d371f2000,0x00007f0d372f3000)]
  0x00007f0d50119000 JavaThread "Service Thread" daemon [_thread_blocked, id=2981, stack(0x00007f0d3781c000,0x00007f0d3791d000)]
  0x00007f0d50116800 JavaThread "C2 CompilerThread1" daemon [_thread_blocked, id=2980, stack(0x00007f0d4c0f1000,0x00007f0d4c1f2000)]
  0x00007f0d50113800 JavaThread "C2 CompilerThread0" daemon [_thread_blocked, id=2979, stack(0x00007f0d4c1f2000,0x00007f0d4c2f3000)]
  0x00007f0d50109800 JavaThread "Signal Dispatcher" daemon [_thread_blocked, id=2978, stack(0x00007f0d4c2f3000,0x00007f0d4c3f4000)]
  0x00007f0d500f2000 JavaThread "Finalizer" daemon [_thread_blocked, id=2969, stack(0x00007f0d4c3f4000,0x00007f0d4c4f5000)]
  0x00007f0d500ee000 JavaThread "Reference Handler" daemon [_thread_blocked, id=2968, stack(0x00007f0d4c4f5000,0x00007f0d4c5f6000)]

Other Threads:
=>0x00007f0d500ec000 VMThread [stack: 0x00007f0d4c5f6000,0x00007f0d4c6f7000] [id=2967]
  0x00007f0d5012b800 WatcherThread [stack: 0x00007f0d3771b000,0x00007f0d3781c000] [id=2982]

VM state:at safepoint (normal execution)

VM Mutex/Monitor currently owned by a thread:  ([mutex/lock_event])
[0x00007f0d50005ea0] Threads_lock - owner thread: 0x00007f0d500ec000
[0x00007f0d500063a0] Heap_lock - owner thread: 0x00007f0d501bd000

Heap
 PSYoungGen      total 241664K, used 17393K [0x00000000ec080000, 0x00000000fbd80000, 0x0000000100000000)
  eden space 224256K, 0% used [0x00000000ec080000,0x00000000ec080000,0x00000000f9b80000)
  from space 17408K, 99% used [0x00000000f9b80000,0x00000000fac7c470,0x00000000fac80000)
  to   space 14848K, 0% used [0x00000000faf00000,0x00000000faf00000,0x00000000fbd80000)
 ParOldGen       total 60928K, used 42226K [0x00000000c4200000, 0x00000000c7d80000, 0x00000000ec080000)
  object space 60928K, 69% used [0x00000000c4200000,0x00000000c6b3cb40,0x00000000c7d80000)
 PSPermGen       total 21504K, used 9162K [0x00000000bf000000, 0x00000000c0500000, 0x00000000c4200000)
  object space 21504K, 42% used [0x00000000bf000000,0x00000000bf8f28e8,0x00000000c0500000)

Card table byte_map: [0x00007f0d5697e000,0x00007f0d56b87000] byte_map_base: 0x00007f0d56386000

Polling page: 0x00007f0d59998000

Code Cache  [0x00007f0d4d000000, 0x00007f0d4d270000, 0x00007f0d50000000)
 total_blobs=727 nmethods=435 adapters=246 free_code_cache=47642Kb largest_free_block=48748224

Compilation events (10 events):
Event: 4204.355 Thread 0x00007f0d50113800  440   !         sun.security.ssl.SSLSocketImpl::readRecord (807 bytes)
Event: 4205.872 Thread 0x00007f0d50116800  441             java.io.BufferedWriter::ensureOpen (18 bytes)
Event: 4205.873 Thread 0x00007f0d50116800 nmethod 441 0x00007f0d4d16e3d0 code [0x00007f0d4d16e500, 0x00007f0d4d16e578]
Event: 4205.897 Thread 0x00007f0d50116800  442             java.util.concurrent.locks.ReentrantLock::unlock (10 bytes)
Event: 4205.898 Thread 0x00007f0d50116800 nmethod 442 0x00007f0d4d16cb50 code [0x00007f0d4d16cca0, 0x00007f0d4d16cd78]
Event: 4208.875 Thread 0x00007f0d50116800  443             sun.misc.FloatingDecimal::dtoa (1421 bytes)
Event: 4209.410 Thread 0x00007f0d50113800 nmethod 440 0x00007f0d4d17dc10 code [0x00007f0d4d17e040, 0x00007f0d4d180448]
Event: 4209.411 Thread 0x00007f0d50116800 nmethod 443 0x00007f0d4d179e90 code [0x00007f0d4d17a0c0, 0x00007f0d4d17b450]
Event: 4216.152 Thread 0x00007f0d50113800  444             twitter4j.StatusStreamImpl::next (7 bytes)
Event: 4216.152 Thread 0x00007f0d50116800  445  s!         twitter4j.internal.async.DispatcherImpl::invokeLater (55 bytes)

GC Heap History (10 events):
Event: 3986.765 GC heap after
Heap after GC invocations=5 (full 0):
 PSYoungGen      total 64000K, used 2547K [0x00000000ec080000, 0x00000000f5180000, 0x0000000100000000)
  eden space 61440K, 0% used [0x00000000ec080000,0x00000000ec080000,0x00000000efc80000)
  from space 2560K, 99% used [0x00000000efc80000,0x00000000efefcd30,0x00000000eff00000)
  to   space 12800K, 0% used [0x00000000f4500000,0x00000000f4500000,0x00000000f5180000)
 ParOldGen       total 40448K, used 23282K [0x00000000c4200000, 0x00000000c6980000, 0x00000000ec080000)
  object space 40448K, 57% used [0x00000000c4200000,0x00000000c58bc9b8,0x00000000c6980000)
 PSPermGen       total 21504K, used 9082K [0x00000000bf000000, 0x00000000c0500000, 0x00000000c4200000)
  object space 21504K, 42% used [0x00000000bf000000,0x00000000bf8deb38,0x00000000c0500000)
}
Event: 3988.445 GC heap before
{Heap before GC invocations=6 (full 0):
 PSYoungGen      total 64000K, used 63987K [0x00000000ec080000, 0x00000000f5180000, 0x0000000100000000)
  eden space 61440K, 100% used [0x00000000ec080000,0x00000000efc80000,0x00000000efc80000)
  from space 2560K, 99% used [0x00000000efc80000,0x00000000efefcd30,0x00000000eff00000)
  to   space 12800K, 0% used [0x00000000f4500000,0x00000000f4500000,0x00000000f5180000)
 ParOldGen       total 40448K, used 23282K [0x00000000c4200000, 0x00000000c6980000, 0x00000000ec080000)
  object space 40448K, 57% used [0x00000000c4200000,0x00000000c58bc9b8,0x00000000c6980000)
 PSPermGen       total 21504K, used 9094K [0x00000000bf000000, 0x00000000c0500000, 0x00000000c4200000)
  object space 21504K, 42% used [0x00000000bf000000,0x00000000bf8e19f0,0x00000000c0500000)
Event: 3988.630 GC heap after
Heap after GC invocations=6 (full 0):
 PSYoungGen      total 129536K, used 12787K [0x00000000ec080000, 0x00000000f5d80000, 0x0000000100000000)
  eden space 116736K, 0% used [0x00000000ec080000,0x00000000ec080000,0x00000000f3280000)
  from space 12800K, 99% used [0x00000000f4500000,0x00000000f517cde8,0x00000000f5180000)
  to   space 18944K, 0% used [0x00000000f3280000,0x00000000f3280000,0x00000000f4500000)
 ParOldGen       total 40448K, used 30366K [0x00000000c4200000, 0x00000000c6980000, 0x00000000ec080000)
  object space 40448K, 75% used [0x00000000c4200000,0x00000000c5fa7890,0x00000000c6980000)
 PSPermGen       total 21504K, used 9094K [0x00000000bf000000, 0x00000000c0500000, 0x00000000c4200000)
  object space 21504K, 42% used [0x00000000bf000000,0x00000000bf8e19f0,0x00000000c0500000)
}
Event: 3988.630 GC heap before
{Heap before GC invocations=7 (full 1):
 PSYoungGen      total 129536K, used 12787K [0x00000000ec080000, 0x00000000f5d80000, 0x0000000100000000)
  eden space 116736K, 0% used [0x00000000ec080000,0x00000000ec080000,0x00000000f3280000)
  from space 12800K, 99% used [0x00000000f4500000,0x00000000f517cde8,0x00000000f5180000)
  to   space 18944K, 0% used [0x00000000f3280000,0x00000000f3280000,0x00000000f4500000)
 ParOldGen       total 40448K, used 30366K [0x00000000c4200000, 0x00000000c6980000, 0x00000000ec080000)
  object space 40448K, 75% used [0x00000000c4200000,0x00000000c5fa7890,0x00000000c6980000)
 PSPermGen       total 21504K, used 9094K [0x00000000bf000000, 0x00000000c0500000, 0x00000000c4200000)
  object space 21504K, 42% used [0x00000000bf000000,0x00000000bf8e19f0,0x00000000c0500000)
Event: 4030.060 GC heap after
Heap after GC invocations=7 (full 1):
 PSYoungGen      total 129536K, used 0K [0x00000000ec080000, 0x00000000f5d80000, 0x0000000100000000)
  eden space 116736K, 0% used [0x00000000ec080000,0x00000000ec080000,0x00000000f3280000)
  from space 12800K, 0% used [0x00000000f4500000,0x00000000f4500000,0x00000000f5180000)
  to   space 18944K, 0% used [0x00000000f3280000,0x00000000f3280000,0x00000000f4500000)
 ParOldGen       total 60928K, used 33482K [0x00000000c4200000, 0x00000000c7d80000, 0x00000000ec080000)
  object space 60928K, 54% used [0x00000000c4200000,0x00000000c62b2b80,0x00000000c7d80000)
 PSPermGen       total 21504K, used 9072K [0x00000000bf000000, 0x00000000c0500000, 0x00000000c4200000)
  object space 21504K, 42% used [0x00000000bf000000,0x00000000bf8dc0e0,0x00000000c0500000)
}
Event: 4034.577 GC heap before
{Heap before GC invocations=8 (full 1):
 PSYoungGen      total 129536K, used 116736K [0x00000000ec080000, 0x00000000f5d80000, 0x0000000100000000)
  eden space 116736K, 100% used [0x00000000ec080000,0x00000000f3280000,0x00000000f3280000)
  from space 12800K, 0% used [0x00000000f4500000,0x00000000f4500000,0x00000000f5180000)
  to   space 18944K, 0% used [0x00000000f3280000,0x00000000f3280000,0x00000000f4500000)
 ParOldGen       total 60928K, used 33482K [0x00000000c4200000, 0x00000000c7d80000, 0x00000000ec080000)
  object space 60928K, 54% used [0x00000000c4200000,0x00000000c62b2b80,0x00000000c7d80000)
 PSPermGen       total 21504K, used 9090K [0x00000000bf000000, 0x00000000c0500000, 0x00000000c4200000)
  object space 21504K, 42% used [0x00000000bf000000,0x00000000bf8e09a8,0x00000000c0500000)
Event: 4051.858 GC heap after
Heap after GC invocations=8 (full 1):
 PSYoungGen      total 135680K, used 6528K [0x00000000ec080000, 0x00000000fc100000, 0x0000000100000000)
  eden space 116736K, 0% used [0x00000000ec080000,0x00000000ec080000,0x00000000f3280000)
  from space 18944K, 34% used [0x00000000f3280000,0x00000000f38e0000,0x00000000f4500000)
  to   space 18432K, 0% used [0x00000000faf00000,0x00000000faf00000,0x00000000fc100000)
 ParOldGen       total 60928K, used 33482K [0x00000000c4200000, 0x00000000c7d80000, 0x00000000ec080000)
  object space 60928K, 54% used [0x00000000c4200000,0x00000000c62b2b80,0x00000000c7d80000)
 PSPermGen       total 21504K, used 9090K [0x00000000bf000000, 0x00000000c0500000, 0x00000000c4200000)
  object space 21504K, 42% used [0x00000000bf000000,0x00000000bf8e09a8,0x00000000c0500000)
}
Event: 4166.215 GC heap before
{Heap before GC invocations=9 (full 1):
 PSYoungGen      total 135680K, used 123264K [0x00000000ec080000, 0x00000000fc100000, 0x0000000100000000)
  eden space 116736K, 100% used [0x00000000ec080000,0x00000000f3280000,0x00000000f3280000)
  from space 18944K, 34% used [0x00000000f3280000,0x00000000f38e0000,0x00000000f4500000)
  to   space 18432K, 0% used [0x00000000faf00000,0x00000000faf00000,0x00000000fc100000)
 ParOldGen       total 60928K, used 33482K [0x00000000c4200000, 0x00000000c7d80000, 0x00000000ec080000)
  object space 60928K, 54% used [0x00000000c4200000,0x00000000c62b2b80,0x00000000c7d80000)
 PSPermGen       total 21504K, used 9127K [0x00000000bf000000, 0x00000000c0500000, 0x00000000c4200000)
  object space 21504K, 42% used [0x00000000bf000000,0x00000000bf8e9ea8,0x00000000c0500000)
Event: 4172.766 GC heap after
Heap after GC invocations=9 (full 1):
 PSYoungGen      total 239104K, used 7130K [0x00000000ec080000, 0x00000000fbd80000, 0x0000000100000000)
  eden space 224256K, 0% used [0x00000000ec080000,0x00000000ec080000,0x00000000f9b80000)
  from space 14848K, 48% used [0x00000000faf00000,0x00000000fb5f69b0,0x00000000fbd80000)
  to   space 17408K, 0% used [0x00000000f9b80000,0x00000000f9b80000,0x00000000fac80000)
 ParOldGen       total 60928K, used 33482K [0x00000000c4200000, 0x00000000c7d80000, 0x00000000ec080000)
  object space 60928K, 54% used [0x00000000c4200000,0x00000000c62b2b80,0x00000000c7d80000)
 PSPermGen       total 21504K, used 9127K [0x00000000bf000000, 0x00000000c0500000, 0x00000000c4200000)
  object space 21504K, 42% used [0x00000000bf000000,0x00000000bf8e9ea8,0x00000000c0500000)
}
Event: 4220.456 GC heap before
{Heap before GC invocations=10 (full 1):
 PSYoungGen      total 239104K, used 231386K [0x00000000ec080000, 0x00000000fbd80000, 0x0000000100000000)
  eden space 224256K, 100% used [0x00000000ec080000,0x00000000f9b80000,0x00000000f9b80000)
  from space 14848K, 48% used [0x00000000faf00000,0x00000000fb5f69b0,0x00000000fbd80000)
  to   space 17408K, 0% used [0x00000000f9b80000,0x00000000f9b80000,0x00000000fac80000)
 ParOldGen       total 60928K, used 33482K [0x00000000c4200000, 0x00000000c7d80000, 0x00000000ec080000)
  object space 60928K, 54% used [0x00000000c4200000,0x00000000c62b2b80,0x00000000c7d80000)
 PSPermGen       total 21504K, used 9162K [0x00000000bf000000, 0x00000000c0500000, 0x00000000c4200000)
  object space 21504K, 42% used [0x00000000bf000000,0x00000000bf8f28e8,0x00000000c0500000)

Deoptimization events (10 events):
Event: 4105.504 Thread 0x00007f0d501bd000 Uncommon trap: reason=class_check action=maybe_recompile pc=0x00007f0d4d0c646c method=sun.security.provider.DigestBase.engineDigest([BII)I @ 97
Event: 4105.504 Thread 0x00007f0d501bd000 Uncommon trap: reason=class_check action=maybe_recompile pc=0x00007f0d4d0da76c method=java.security.MessageDigest$Delegate.engineDigest([BII)I @ 7
Event: 4105.550 Thread 0x00007f0d501bd000 Uncommon trap: reason=class_check action=maybe_recompile pc=0x00007f0d4d0c646c method=sun.security.provider.DigestBase.engineDigest([BII)I @ 97
Event: 4124.211 Thread 0x00007f0d501bd000 Uncommon trap: reason=unreached action=reinterpret pc=0x00007f0d4d1088e8 method=sun.security.ssl.CipherBox.isNullCipher()Z @ 4
Event: 4176.512 Thread 0x00007f0d501bd000 Uncommon trap: reason=unreached action=reinterpret pc=0x00007f0d4d0f1198 method=java.lang.Long.parseLong(Ljava/lang/String;I)J @ 1
Event: 4183.339 Thread 0x00007f0d18004000 Uncommon trap: reason=predicate action=maybe_recompile pc=0x00007f0d4d14c7b0 method=java.util.Arrays.fill([Ljava/lang/Object;Ljava/lang/Object;)V @ 10
Event: 4192.733 Thread 0x00007f0d18004000 Uncommon trap: reason=array_check action=maybe_recompile pc=0x00007f0d4d16bd38 method=java.util.Arrays.fill([Ljava/lang/Object;Ljava/lang/Object;)V @ 13
Event: 4192.733 Thread 0x00007f0d18004000 Uncommon trap: reason=array_check action=maybe_recompile pc=0x00007f0d4d16bd38 method=java.util.Arrays.fill([Ljava/lang/Object;Ljava/lang/Object;)V @ 13
Event: 4192.733 Thread 0x00007f0d18004000 Uncommon trap: reason=array_check action=maybe_recompile pc=0x00007f0d4d16bd38 method=java.util.Arrays.fill([Ljava/lang/Object;Ljava/lang/Object;)V @ 13
Event: 4193.676 Thread 0x00007f0d18004000 Uncommon trap: reason=array_check action=maybe_recompile pc=0x00007f0d4d16bd38 method=java.util.Arrays.fill([Ljava/lang/Object;Ljava/lang/Object;)V @ 13

Internal exceptions (10 events):
Event: 4110.390 Thread 0x00007f0d501bd000 Threw 0x00000000ec2b4020 at /HUDSON/workspace/7u-2-build-linux-amd64@2/jdk7u51/527/hotspot/src/share/vm/prims/jni.cpp:717
Event: 4110.412 Thread 0x00007f0d501bd000 Threw 0x00000000ec2b45e0 at /HUDSON/workspace/7u-2-build-linux-amd64@2/jdk7u51/527/hotspot/src/share/vm/interpreter/linkResolver.cpp:883
Event: 4124.072 Thread 0x00007f0d501bd000 Implicit null exception at 0x00007f0d4d105380 to 0x00007f0d4d1088b9
Event: 4133.361 Thread 0x00007f0d501bd000 Threw 0x00000000ef7d8d68 at /HUDSON/workspace/7u-2-build-linux-amd64@2/jdk7u51/527/hotspot/src/share/vm/interpreter/linkResolver.cpp:883
Event: 4149.799 Thread 0x00007f0d501bd000 Threw 0x00000000ef85f280 at /HUDSON/workspace/7u-2-build-linux-amd64@2/jdk7u51/527/hotspot/src/share/vm/prims/jni.cpp:717
Event: 4158.420 Thread 0x00007f0d501bd000 Threw 0x00000000ef8c1a98 at /HUDSON/workspace/7u-2-build-linux-amd64@2/jdk7u51/527/hotspot/src/share/vm/prims/jni.cpp:717
Event: 4158.420 Thread 0x00007f0d501bd000 Threw 0x00000000ef8c1e70 at /HUDSON/workspace/7u-2-build-linux-amd64@2/jdk7u51/527/hotspot/src/share/vm/prims/jni.cpp:717
Event: 4158.608 Thread 0x00007f0d501bd000 Threw 0x00000000ef8c2430 at /HUDSON/workspace/7u-2-build-linux-amd64@2/jdk7u51/527/hotspot/src/share/vm/interpreter/linkResolver.cpp:883
Event: 4176.512 Thread 0x00007f0d501bd000 Implicit null exception at 0x00007f0d4d0f0b2f to 0x00007f0d4d0f1185
Event: 4177.092 Thread 0x00007f0d501bd000 Threw 0x00000000ed8b3b60 at /HUDSON/workspace/7u-2-build-linux-amd64@2/jdk7u51/527/hotspot/src/share/vm/interpreter/linkResolver.cpp:883

Events (10 events):
Event: 4192.733 Thread 0x00007f0d18004000 Uncommon trap: trap_request=0xffffffd6 fr.pc=0x00007f0d4d16bd38
Event: 4192.733 Thread 0x00007f0d18004000 DEOPT PACKING pc=0x00007f0d4d16bd38 sp=0x00007f0d371f0660
Event: 4192.733 Thread 0x00007f0d18004000 DEOPT UNPACKING pc=0x00007f0d4d039045 sp=0x00007f0d371f0628 mode 2
Event: 4192.733 Thread 0x00007f0d18004000 Uncommon trap: trap_request=0xffffffd6 fr.pc=0x00007f0d4d16bd38
Event: 4192.733 Thread 0x00007f0d18004000 DEOPT PACKING pc=0x00007f0d4d16bd38 sp=0x00007f0d371f0660
Event: 4192.733 Thread 0x00007f0d18004000 DEOPT UNPACKING pc=0x00007f0d4d039045 sp=0x00007f0d371f0628 mode 2
Event: 4193.676 Thread 0x00007f0d18004000 Uncommon trap: trap_request=0xffffffd6 fr.pc=0x00007f0d4d16bd38
Event: 4193.676 Thread 0x00007f0d18004000 DEOPT PACKING pc=0x00007f0d4d16bd38 sp=0x00007f0d371f0660
Event: 4193.676 Thread 0x00007f0d18004000 DEOPT UNPACKING pc=0x00007f0d4d039045 sp=0x00007f0d371f0628 mode 2
Event: 4219.814 Executing VM operation: ParallelGCFailedAllocation


Dynamic libraries:
00400000-00401000 r-xp 00000000 08:01 3806398                            /usr/lib/jvm/java-7-oracle/jre/bin/java
00600000-00601000 rw-p 00000000 08:01 3806398                            /usr/lib/jvm/java-7-oracle/jre/bin/java
00d61000-00d82000 rw-p 00000000 00:00 0                                  [heap]
bf000000-c0500000 rw-p 00000000 00:00 0 
c0500000-c4200000 rw-p 00000000 00:00 0 
c4200000-c7d80000 rw-p 00000000 00:00 0 
c7d80000-ec080000 rw-p 00000000 00:00 0 
ec080000-fbd80000 rw-p 00000000 00:00 0 
7f0d10000000-7f0d10021000 rw-p 00000000 00:00 0 
7f0d10021000-7f0d14000000 ---p 00000000 00:00 0 
7f0d18000000-7f0d180ef000 rw-p 00000000 00:00 0 
7f0d180ef000-7f0d1c000000 ---p 00000000 00:00 0 
7f0d1c000000-7f0d1c054000 rw-p 00000000 00:00 0 
7f0d1c054000-7f0d20000000 ---p 00000000 00:00 0 
7f0d20000000-7f0d20021000 rw-p 00000000 00:00 0 
7f0d20021000-7f0d24000000 ---p 00000000 00:00 0 
7f0d24000000-7f0d24021000 rw-p 00000000 00:00 0 
7f0d24021000-7f0d28000000 ---p 00000000 00:00 0 
7f0d28000000-7f0d2862f000 rw-p 00000000 00:00 0 
7f0d2862f000-7f0d2c000000 ---p 00000000 00:00 0 
7f0d2c000000-7f0d2cab4000 rw-p 00000000 00:00 0 
7f0d2cab4000-7f0d30000000 ---p 00000000 00:00 0 
7f0d30000000-7f0d30021000 rw-p 00000000 00:00 0 
7f0d30021000-7f0d34000000 ---p 00000000 00:00 0 
7f0d36401000-7f0d3656c000 rw-p 00000000 00:00 0 
7f0d3656c000-7f0d3656f000 ---p 00000000 00:00 0 
7f0d3656f000-7f0d3666d000 rw-p 00000000 00:00 0 
7f0d3666d000-7f0d36685000 r-xp 00000000 08:01 4718708                    /lib/x86_64-linux-gnu/libresolv-2.15.so
7f0d36685000-7f0d36885000 ---p 00018000 08:01 4718708                    /lib/x86_64-linux-gnu/libresolv-2.15.so
7f0d36885000-7f0d36886000 r--p 00018000 08:01 4718708                    /lib/x86_64-linux-gnu/libresolv-2.15.so
7f0d36886000-7f0d36887000 rw-p 00019000 08:01 4718708                    /lib/x86_64-linux-gnu/libresolv-2.15.so
7f0d36887000-7f0d36889000 rw-p 00000000 00:00 0 
7f0d36889000-7f0d36890000 r-xp 00000000 08:01 4718709                    /lib/x86_64-linux-gnu/libnss_dns-2.15.so
7f0d36890000-7f0d36a8f000 ---p 00007000 08:01 4718709                    /lib/x86_64-linux-gnu/libnss_dns-2.15.so
7f0d36a8f000-7f0d36a90000 r--p 00006000 08:01 4718709                    /lib/x86_64-linux-gnu/libnss_dns-2.15.so
7f0d36a90000-7f0d36a91000 rw-p 00007000 08:01 4718709                    /lib/x86_64-linux-gnu/libnss_dns-2.15.so
7f0d36a91000-7f0d36a93000 r-xp 00000000 08:01 4718645                    /lib/libnss_mdns4_minimal.so.2
7f0d36a93000-7f0d36c92000 ---p 00002000 08:01 4718645                    /lib/libnss_mdns4_minimal.so.2
7f0d36c92000-7f0d36c93000 r--p 00001000 08:01 4718645                    /lib/libnss_mdns4_minimal.so.2
7f0d36c93000-7f0d36c94000 rw-p 00002000 08:01 4718645                    /lib/libnss_mdns4_minimal.so.2
7f0d36c94000-7f0d36ca9000 r-xp 00000000 08:01 4722371                    /lib/x86_64-linux-gnu/libgcc_s.so.1
7f0d36ca9000-7f0d36ea8000 ---p 00015000 08:01 4722371                    /lib/x86_64-linux-gnu/libgcc_s.so.1
7f0d36ea8000-7f0d36ea9000 r--p 00014000 08:01 4722371                    /lib/x86_64-linux-gnu/libgcc_s.so.1
7f0d36ea9000-7f0d36eaa000 rw-p 00015000 08:01 4722371                    /lib/x86_64-linux-gnu/libgcc_s.so.1
7f0d36eaa000-7f0d36edc000 r-xp 00000000 08:01 3807304                    /usr/lib/jvm/java-7-oracle/jre/lib/amd64/libsunec.so
7f0d36edc000-7f0d370db000 ---p 00032000 08:01 3807304                    /usr/lib/jvm/java-7-oracle/jre/lib/amd64/libsunec.so
7f0d370db000-7f0d370e1000 rw-p 00031000 08:01 3807304                    /usr/lib/jvm/java-7-oracle/jre/lib/amd64/libsunec.so
7f0d370e1000-7f0d370f1000 rw-p 00000000 00:00 0 
7f0d370f1000-7f0d370f4000 ---p 00000000 00:00 0 
7f0d370f4000-7f0d371f2000 rw-p 00000000 00:00 0                          [stack:2996]
7f0d371f2000-7f0d371f5000 ---p 00000000 00:00 0 
7f0d371f5000-7f0d372f3000 rw-p 00000000 00:00 0                          [stack:2992]
7f0d372f3000-7f0d37309000 r-xp 00000000 08:01 3807282                    /usr/lib/jvm/java-7-oracle/jre/lib/amd64/libnet.so
7f0d37309000-7f0d37509000 ---p 00016000 08:01 3807282                    /usr/lib/jvm/java-7-oracle/jre/lib/amd64/libnet.so
7f0d37509000-7f0d3750a000 rw-p 00016000 08:01 3807282                    /usr/lib/jvm/java-7-oracle/jre/lib/amd64/libnet.so
7f0d3750a000-7f0d3751a000 r-xp 00000000 08:01 3807283                    /usr/lib/jvm/java-7-oracle/jre/lib/amd64/libnio.so
7f0d3751a000-7f0d3771a000 ---p 00010000 08:01 3807283                    /usr/lib/jvm/java-7-oracle/jre/lib/amd64/libnio.so
7f0d3771a000-7f0d3771b000 rw-p 00010000 08:01 3807283                    /usr/lib/jvm/java-7-oracle/jre/lib/amd64/libnio.so
7f0d3771b000-7f0d3771c000 ---p 00000000 00:00 0 
7f0d3771c000-7f0d3781c000 rw-p 00000000 00:00 0                          [stack:2982]
7f0d3781c000-7f0d3781f000 ---p 00000000 00:00 0 
7f0d3781f000-7f0d3791d000 rw-p 00000000 00:00 0                          [stack:2981]
7f0d3791d000-7f0d38000000 r--p 00000000 08:01 3807585                    /usr/lib/locale/locale-archive
7f0d38000000-7f0d38021000 rw-p 00000000 00:00 0 
7f0d38021000-7f0d3c000000 ---p 00000000 00:00 0 
7f0d3c000000-7f0d3c021000 rw-p 00000000 00:00 0 
7f0d3c021000-7f0d40000000 ---p 00000000 00:00 0 
7f0d40000000-7f0d4002d000 rw-p 00000000 00:00 0 
7f0d4002d000-7f0d44000000 ---p 00000000 00:00 0 
7f0d44000000-7f0d44021000 rw-p 00000000 00:00 0 
7f0d44021000-7f0d48000000 ---p 00000000 00:00 0 
7f0d48000000-7f0d48021000 rw-p 00000000 00:00 0 
7f0d48021000-7f0d4c000000 ---p 00000000 00:00 0 
7f0d4c017000-7f0d4c0f1000 rw-p 00000000 00:00 0 
7f0d4c0f1000-7f0d4c0f4000 ---p 00000000 00:00 0 
7f0d4c0f4000-7f0d4c1f2000 rw-p 00000000 00:00 0                          [stack:2980]
7f0d4c1f2000-7f0d4c1f5000 ---p 00000000 00:00 0 
7f0d4c1f5000-7f0d4c2f3000 rw-p 00000000 00:00 0                          [stack:2979]
7f0d4c2f3000-7f0d4c2f6000 ---p 00000000 00:00 0 
7f0d4c2f6000-7f0d4c3f4000 rw-p 00000000 00:00 0                          [stack:2978]
7f0d4c3f4000-7f0d4c3f7000 ---p 00000000 00:00 0 
7f0d4c3f7000-7f0d4c4f5000 rw-p 00000000 00:00 0                          [stack:2969]
7f0d4c4f5000-7f0d4c4f8000 ---p 00000000 00:00 0 
7f0d4c4f8000-7f0d4c5f6000 rw-p 00000000 00:00 0                          [stack:2968]
7f0d4c5f6000-7f0d4c5f7000 ---p 00000000 00:00 0 
7f0d4c5f7000-7f0d4d000000 rw-p 00000000 00:00 0                          [stack:2967]
7f0d4d000000-7f0d4d270000 rwxp 00000000 00:00 0 
7f0d4d270000-7f0d50219000 rw-p 00000000 00:00 0 
7f0d50219000-7f0d54000000 ---p 00000000 00:00 0 
7f0d540ab000-7f0d540ac000 rw-p 00000000 00:00 0 
7f0d540ac000-7f0d540b0000 r--s 0002d000 08:01 3807161                    /usr/lib/jvm/java-7-oracle/jre/lib/ext/sunjce_provider.jar
7f0d540b0000-7f0d540b3000 r--s 00037000 08:01 3807158                    /usr/lib/jvm/java-7-oracle/jre/lib/ext/sunpkcs11.jar
7f0d540b3000-7f0d540b7000 r--s 0008a000 08:01 3806556                    /usr/lib/jvm/java-7-oracle/jre/lib/jsse.jar
7f0d540b7000-7f0d540bd000 r--s 00044000 08:01 14549952                   /home/li/Java/TStream/target/dependency-jars/twitter4j-core-3.0.5.jar
7f0d540bd000-7f0d540c6000 r--s 0006f000 08:01 14549954                   /home/li/Java/TStream/target/dependency-jars/log4j-1.2.17.jar
7f0d540c6000-7f0d54111000 rw-p 00000000 00:00 0 
7f0d54111000-7f0d542ce000 r--s 039bf000 08:01 3807319                    /usr/lib/jvm/java-7-oracle/jre/lib/rt.jar
7f0d542ce000-7f0d5663c000 rw-p 00000000 00:00 0 
7f0d5663c000-7f0d5663d000 ---p 00000000 00:00 0 
7f0d5663d000-7f0d5673d000 rw-p 00000000 00:00 0                          [stack:2966]
7f0d5673d000-7f0d5673e000 ---p 00000000 00:00 0 
7f0d5673e000-7f0d5685c000 rw-p 00000000 00:00 0                          [stack:2965]
7f0d5685c000-7f0d5697e000 rw-p 00000000 00:00 0 
7f0d5697e000-7f0d56989000 rw-p 00000000 00:00 0 
7f0d56989000-7f0d569a7000 rw-p 00000000 00:00 0 
7f0d569a7000-7f0d569c5000 rw-p 00000000 00:00 0 
7f0d569c5000-7f0d56ae6000 rw-p 00000000 00:00 0 
7f0d56ae6000-7f0d56b65000 rw-p 00000000 00:00 0 
7f0d56b65000-7f0d56b67000 ---p 00000000 00:00 0 
7f0d56b67000-7f0d56b86000 rw-p 00000000 00:00 0 
7f0d56b86000-7f0d56b87000 rw-p 00000000 00:00 0 
7f0d56b87000-7f0d56ba1000 r-xp 00000000 08:01 3807281                    /usr/lib/jvm/java-7-oracle/jre/lib/amd64/libzip.so
7f0d56ba1000-7f0d56da1000 ---p 0001a000 08:01 3807281                    /usr/lib/jvm/java-7-oracle/jre/lib/amd64/libzip.so
7f0d56da1000-7f0d56da2000 rw-p 0001a000 08:01 3807281                    /usr/lib/jvm/java-7-oracle/jre/lib/amd64/libzip.so
7f0d56da2000-7f0d56dae000 r-xp 00000000 08:01 4718707                    /lib/x86_64-linux-gnu/libnss_files-2.15.so
7f0d56dae000-7f0d56fad000 ---p 0000c000 08:01 4718707                    /lib/x86_64-linux-gnu/libnss_files-2.15.so
7f0d56fad000-7f0d56fae000 r--p 0000b000 08:01 4718707                    /lib/x86_64-linux-gnu/libnss_files-2.15.so
7f0d56fae000-7f0d56faf000 rw-p 0000c000 08:01 4718707                    /lib/x86_64-linux-gnu/libnss_files-2.15.so
7f0d56faf000-7f0d56fb9000 r-xp 00000000 08:01 4718711                    /lib/x86_64-linux-gnu/libnss_nis-2.15.so
7f0d56fb9000-7f0d571b9000 ---p 0000a000 08:01 4718711                    /lib/x86_64-linux-gnu/libnss_nis-2.15.so
7f0d571b9000-7f0d571ba000 r--p 0000a000 08:01 4718711                    /lib/x86_64-linux-gnu/libnss_nis-2.15.so
7f0d571ba000-7f0d571bb000 rw-p 0000b000 08:01 4718711                    /lib/x86_64-linux-gnu/libnss_nis-2.15.so
7f0d571bb000-7f0d571d2000 r-xp 00000000 08:01 4723699                    /lib/x86_64-linux-gnu/libnsl-2.15.so
7f0d571d2000-7f0d573d1000 ---p 00017000 08:01 4723699                    /lib/x86_64-linux-gnu/libnsl-2.15.so
7f0d573d1000-7f0d573d2000 r--p 00016000 08:01 4723699                    /lib/x86_64-linux-gnu/libnsl-2.15.so
7f0d573d2000-7f0d573d3000 rw-p 00017000 08:01 4723699                    /lib/x86_64-linux-gnu/libnsl-2.15.so
7f0d573d3000-7f0d573d5000 rw-p 00000000 00:00 0 
7f0d573d5000-7f0d573dd000 r-xp 00000000 08:01 4718705                    /lib/x86_64-linux-gnu/libnss_compat-2.15.so
7f0d573dd000-7f0d575dc000 ---p 00008000 08:01 4718705                    /lib/x86_64-linux-gnu/libnss_compat-2.15.so
7f0d575dc000-7f0d575dd000 r--p 00007000 08:01 4718705                    /lib/x86_64-linux-gnu/libnss_compat-2.15.so
7f0d575dd000-7f0d575de000 rw-p 00008000 08:01 4718705                    /lib/x86_64-linux-gnu/libnss_compat-2.15.so
7f0d575de000-7f0d57607000 r-xp 00000000 08:01 3807295                    /usr/lib/jvm/java-7-oracle/jre/lib/amd64/libjava.so
7f0d57607000-7f0d57807000 ---p 00029000 08:01 3807295                    /usr/lib/jvm/java-7-oracle/jre/lib/amd64/libjava.so
7f0d57807000-7f0d57809000 rw-p 00029000 08:01 3807295                    /usr/lib/jvm/java-7-oracle/jre/lib/amd64/libjava.so
7f0d57809000-7f0d57816000 r-xp 00000000 08:01 3807265                    /usr/lib/jvm/java-7-oracle/jre/lib/amd64/libverify.so
7f0d57816000-7f0d57a15000 ---p 0000d000 08:01 3807265                    /usr/lib/jvm/java-7-oracle/jre/lib/amd64/libverify.so
7f0d57a15000-7f0d57a17000 rw-p 0000c000 08:01 3807265                    /usr/lib/jvm/java-7-oracle/jre/lib/amd64/libverify.so
7f0d57a17000-7f0d57a1e000 r-xp 00000000 08:01 4718710                    /lib/x86_64-linux-gnu/librt-2.15.so
7f0d57a1e000-7f0d57c1d000 ---p 00007000 08:01 4718710                    /lib/x86_64-linux-gnu/librt-2.15.so
7f0d57c1d000-7f0d57c1e000 r--p 00006000 08:01 4718710                    /lib/x86_64-linux-gnu/librt-2.15.so
7f0d57c1e000-7f0d57c1f000 rw-p 00007000 08:01 4718710                    /lib/x86_64-linux-gnu/librt-2.15.so
7f0d57c1f000-7f0d57d1a000 r-xp 00000000 08:01 4718714                    /lib/x86_64-linux-gnu/libm-2.15.so
7f0d57d1a000-7f0d57f19000 ---p 000fb000 08:01 4718714                    /lib/x86_64-linux-gnu/libm-2.15.so
7f0d57f19000-7f0d57f1a000 r--p 000fa000 08:01 4718714                    /lib/x86_64-linux-gnu/libm-2.15.so
7f0d57f1a000-7f0d57f1b000 rw-p 000fb000 08:01 4718714                    /lib/x86_64-linux-gnu/libm-2.15.so
7f0d57f1b000-7f0d58a7d000 r-xp 00000000 08:01 3807313                    /usr/lib/jvm/java-7-oracle/jre/lib/amd64/server/libjvm.so
7f0d58a7d000-7f0d58c7d000 ---p 00b62000 08:01 3807313                    /usr/lib/jvm/java-7-oracle/jre/lib/amd64/server/libjvm.so
7f0d58c7d000-7f0d58d40000 rw-p 00b62000 08:01 3807313                    /usr/lib/jvm/java-7-oracle/jre/lib/amd64/server/libjvm.so
7f0d58d40000-7f0d58d81000 rw-p 00000000 00:00 0 
7f0d58d81000-7f0d58f36000 r-xp 00000000 08:01 4718603                    /lib/x86_64-linux-gnu/libc-2.15.so
7f0d58f36000-7f0d59136000 ---p 001b5000 08:01 4718603                    /lib/x86_64-linux-gnu/libc-2.15.so
7f0d59136000-7f0d5913a000 r--p 001b5000 08:01 4718603                    /lib/x86_64-linux-gnu/libc-2.15.so
7f0d5913a000-7f0d5913c000 rw-p 001b9000 08:01 4718603                    /lib/x86_64-linux-gnu/libc-2.15.so
7f0d5913c000-7f0d59141000 rw-p 00000000 00:00 0 
7f0d59141000-7f0d59143000 r-xp 00000000 08:01 4718718                    /lib/x86_64-linux-gnu/libdl-2.15.so
7f0d59143000-7f0d59343000 ---p 00002000 08:01 4718718                    /lib/x86_64-linux-gnu/libdl-2.15.so
7f0d59343000-7f0d59344000 r--p 00002000 08:01 4718718                    /lib/x86_64-linux-gnu/libdl-2.15.so
7f0d59344000-7f0d59345000 rw-p 00003000 08:01 4718718                    /lib/x86_64-linux-gnu/libdl-2.15.so
7f0d59345000-7f0d5935b000 r-xp 00000000 08:01 3807306                    /usr/lib/jvm/java-7-oracle/jre/lib/amd64/jli/libjli.so
7f0d5935b000-7f0d5955b000 ---p 00016000 08:01 3807306                    /usr/lib/jvm/java-7-oracle/jre/lib/amd64/jli/libjli.so
7f0d5955b000-7f0d5955c000 rw-p 00016000 08:01 3807306                    /usr/lib/jvm/java-7-oracle/jre/lib/amd64/jli/libjli.so
7f0d5955c000-7f0d59574000 r-xp 00000000 08:01 4718712                    /lib/x86_64-linux-gnu/libpthread-2.15.so
7f0d59574000-7f0d59773000 ---p 00018000 08:01 4718712                    /lib/x86_64-linux-gnu/libpthread-2.15.so
7f0d59773000-7f0d59774000 r--p 00017000 08:01 4718712                    /lib/x86_64-linux-gnu/libpthread-2.15.so
7f0d59774000-7f0d59775000 rw-p 00018000 08:01 4718712                    /lib/x86_64-linux-gnu/libpthread-2.15.so
7f0d59775000-7f0d59779000 rw-p 00000000 00:00 0 
7f0d59779000-7f0d5979b000 r-xp 00000000 08:01 4718715                    /lib/x86_64-linux-gnu/ld-2.15.so
7f0d5979b000-7f0d597a6000 rw-p 00000000 00:00 0 
7f0d597a6000-7f0d597c4000 rw-p 00000000 00:00 0 
7f0d597c4000-7f0d597ce000 rw-p 00000000 00:00 0 
7f0d597ce000-7f0d59884000 rw-p 00000000 00:00 0 
7f0d59884000-7f0d59887000 ---p 00000000 00:00 0 
7f0d59887000-7f0d59989000 rw-p 00000000 00:00 0                          [stack:2963]
7f0d59989000-7f0d5998a000 r--s 00003000 08:01 3807163                    /usr/lib/jvm/java-7-oracle/jre/lib/ext/sunec.jar
7f0d5998a000-7f0d5998c000 r--s 00019000 08:01 3807152                    /usr/lib/jvm/java-7-oracle/jre/lib/jce.jar
7f0d5998c000-7f0d5998e000 r--s 0000d000 08:01 14549955                   /home/li/Java/TStream/target/dependency-jars/twitter4j-stream-3.0.5.jar
7f0d5998e000-7f0d5998f000 r--s 00001000 08:01 14549950                   /home/li/Java/TStream/target/TStream-1.0.0.jar
7f0d5998f000-7f0d59997000 rw-s 00000000 08:01 12323396                   /tmp/hsperfdata_li/2962
7f0d59997000-7f0d59998000 rw-p 00000000 00:00 0 
7f0d59998000-7f0d59999000 ---p 00000000 00:00 0 
7f0d59999000-7f0d5999b000 rw-p 00000000 00:00 0 
7f0d5999b000-7f0d5999c000 r--p 00022000 08:01 4718715                    /lib/x86_64-linux-gnu/ld-2.15.so
7f0d5999c000-7f0d5999e000 rw-p 00023000 08:01 4718715                    /lib/x86_64-linux-gnu/ld-2.15.so
7fff8c48a000-7fff8c4ab000 rw-p 00000000 00:00 0                          [stack]
7fff8c589000-7fff8c58b000 r-xp 00000000 00:00 0                          [vdso]
ffffffffff600000-ffffffffff601000 r-xp 00000000 00:00 0                  [vsyscall]

VM Arguments:
java_command: TStream-1.0.0.jar
Launcher Type: SUN_STANDARD

Environment Variables:
PATH=/usr/bin:/bin
SHELL=/bin/sh

Signal Handlers:
SIGSEGV: [libjvm.so+0x993870], sa_mask[0]=0x7ffbfeff, sa_flags=0x10000004
SIGBUS: [libjvm.so+0x993870], sa_mask[0]=0x7ffbfeff, sa_flags=0x10000004
SIGFPE: [libjvm.so+0x8105b0], sa_mask[0]=0x7ffbfeff, sa_flags=0x10000004
SIGPIPE: [libjvm.so+0x8105b0], sa_mask[0]=0x7ffbfeff, sa_flags=0x10000004
SIGXFSZ: [libjvm.so+0x8105b0], sa_mask[0]=0x7ffbfeff, sa_flags=0x10000004
SIGILL: [libjvm.so+0x8105b0], sa_mask[0]=0x7ffbfeff, sa_flags=0x10000004
SIGUSR1: SIG_DFL, sa_mask[0]=0x00000000, sa_flags=0x00000000
SIGUSR2: [libjvm.so+0x811aa0], sa_mask[0]=0x00000000, sa_flags=0x10000004
SIGHUP: [libjvm.so+0x812a10], sa_mask[0]=0x7ffbfeff, sa_flags=0x10000004
SIGINT: [libjvm.so+0x812a10], sa_mask[0]=0x7ffbfeff, sa_flags=0x10000004
SIGTERM: [libjvm.so+0x812a10], sa_mask[0]=0x7ffbfeff, sa_flags=0x10000004
SIGQUIT: [libjvm.so+0x812a10], sa_mask[0]=0x7ffbfeff, sa_flags=0x10000004


---------------  S Y S T E M  ---------------

OS:wheezy/sid

uname:Linux 3.8.0-36-generic #52~precise1-Ubuntu SMP Mon Feb 3 21:54:46 UTC 2014 x86_64
libc:glibc 2.15 NPTL 2.15 
rlimit: STACK 8192k, CORE 0k, NPROC 30457, NOFILE 4096, AS infinity
load average:44.73 33.84 24.86

/proc/meminfo:
MemTotal:        3917432 kB
MemFree:          212568 kB
Buffers:             736 kB
Cached:            17896 kB
SwapCached:        69508 kB
Active:          2262200 kB
Inactive:         718116 kB
Active(anon):    2254788 kB
Inactive(anon):   708052 kB
Active(file):       7412 kB
Inactive(file):    10064 kB
Unevictable:         104 kB
Mlocked:             104 kB
SwapTotal:       4060156 kB
SwapFree:          34732 kB
Dirty:               356 kB
Writeback:             0 kB
AnonPages:       2892748 kB
Mapped:            10184 kB
Shmem:              1076 kB
Slab:              72040 kB
SReclaimable:      25004 kB
SUnreclaim:        47036 kB
KernelStack:        6872 kB
PageTables:        68232 kB
NFS_Unstable:          0 kB
Bounce:                0 kB
WritebackTmp:          0 kB
CommitLimit:     6018872 kB
Committed_AS:   11492192 kB
VmallocTotal:   34359738367 kB
VmallocUsed:      289368 kB
VmallocChunk:   34359388168 kB
HardwareCorrupted:     0 kB
AnonHugePages:         0 kB
HugePages_Total:       0
HugePages_Free:        0
HugePages_Rsvd:        0
HugePages_Surp:        0
Hugepagesize:       2048 kB
DirectMap4k:       49148 kB
DirectMap2M:     4012032 kB


CPU:total 2 (2 cores per cpu, 1 threads per core) family 6 model 15 stepping 11, cmov, cx8, fxsr, mmx, sse, sse2, sse3, ssse3, tsc

/proc/cpuinfo:
processor	: 0
vendor_id	: GenuineIntel
cpu family	: 6
model		: 15
model name	: Intel(R) Core(TM)2 Duo CPU     E6750  @ 2.66GHz
stepping	: 11
microcode	: 0xb3
cpu MHz		: 2659.947
cache size	: 4096 KB
physical id	: 0
siblings	: 2
core id		: 0
cpu cores	: 2
apicid		: 0
initial apicid	: 0
fpu		: yes
fpu_exception	: yes
cpuid level	: 10
wp		: yes
flags		: fpu vme de pse tsc msr pae mce cx8 apic sep mtrr pge mca cmov pat pse36 clflush dts acpi mmx fxsr sse sse2 ss ht tm pbe syscall nx lm constant_tsc arch_perfmon pebs bts rep_good nopl aperfmperf pni dtes64 monitor ds_cpl vmx smx est tm2 ssse3 cx16 xtpr pdcm lahf_lm dtherm tpr_shadow vnmi flexpriority
bogomips	: 5319.89
clflush size	: 64
cache_alignment	: 64
address sizes	: 36 bits physical, 48 bits virtual
power management:

processor	: 1
vendor_id	: GenuineIntel
cpu family	: 6
model		: 15
model name	: Intel(R) Core(TM)2 Duo CPU     E6750  @ 2.66GHz
stepping	: 11
microcode	: 0xb3
cpu MHz		: 2659.947
cache size	: 4096 KB
physical id	: 0
siblings	: 2
core id		: 1
cpu cores	: 2
apicid		: 1
initial apicid	: 1
fpu		: yes
fpu_exception	: yes
cpuid level	: 10
wp		: yes
flags		: fpu vme de pse tsc msr pae mce cx8 apic sep mtrr pge mca cmov pat pse36 clflush dts acpi mmx fxsr sse sse2 ss ht tm pbe syscall nx lm constant_tsc arch_perfmon pebs bts rep_good nopl aperfmperf pni dtes64 monitor ds_cpl vmx smx est tm2 ssse3 cx16 xtpr pdcm lahf_lm dtherm tpr_shadow vnmi flexpriority
bogomips	: 5319.89
clflush size	: 64
cache_alignment	: 64
address sizes	: 36 bits physical, 48 bits virtual
power management:



Memory: 4k page, physical 3917432k(212568k free), swap 4060156k(34732k free)

vm_info: Java HotSpot(TM) 64-Bit Server VM (24.51-b03) for linux-amd64 JRE (1.7.0_51-b13), built on Dec 18 2013 18:48:01 by "java_re" with gcc 4.3.0 20080428 (Red Hat 4.3.0-8)

time: Mon Apr 28 09:14:58 2014
elapsed time: 4389 seconds

